[2024-06-20T15:22:19.216] [ERROR] custom - {
  error: ReferenceError: UserDates is not defined
      at getInfoAccount (file:///C:/Users/lauta/OneDrive/Escritorio/Proyecto-WEB2/src/controllers/infoAccount/infoAccount-controller.js:15:39)
      at process.processTicksAndRejections (node:internal/process/task_queues:95:5)
}
[2024-06-20T15:22:47.457] [ERROR] custom - {
  error: ReferenceError: UserDates is not defined
      at getInfoAccount (file:///C:/Users/lauta/OneDrive/Escritorio/Proyecto-WEB2/src/controllers/infoAccount/infoAccount-controller.js:15:39)
      at process.processTicksAndRejections (node:internal/process/task_queues:95:5)
}
[2024-06-22T19:49:52.010] [ERROR] custom - Error a la hora de iniciar la base de datos
[2024-06-22T19:49:52.011] [ERROR] custom - Error a la hora de iniciar la base de datos
[2024-06-22T19:49:52.012] [ERROR] custom - Error a la hora de iniciar la base de datos
[2024-06-22T19:49:52.012] [ERROR] custom - Error a la hora de iniciar la base de datos
[2024-06-22T19:49:52.012] [ERROR] custom - Error a la hora de iniciar la base de datos
[2024-06-22T19:49:52.012] [ERROR] custom - Error a la hora de iniciar la base de datos
[2024-06-22T19:49:52.012] [ERROR] custom - Error a la hora de iniciar la base de datos
[2024-06-23T14:46:20.246] [ERROR] custom - There are no products
[2024-06-23T21:59:20.705] [ERROR] custom - Error: data and salt arguments required
    at hashSync (E:\backend web\Api-Ecommerce-WEB\node_modules\.pnpm\bcrypt@5.1.1\node_modules\bcrypt\bcrypt.js:91:15)
    at createHash (file:///E:/backend%20web/Api-Ecommerce-WEB/src/controllers/session/session-controller.js:10:12)
    at registerUser (file:///E:/backend%20web/Api-Ecommerce-WEB/src/controllers/session/session-controller.js:32:23)
    at process.processTicksAndRejections (node:internal/process/task_queues:95:5)
[2024-06-23T21:59:40.350] [ERROR] custom - Error: data and salt arguments required
    at hashSync (E:\backend web\Api-Ecommerce-WEB\node_modules\.pnpm\bcrypt@5.1.1\node_modules\bcrypt\bcrypt.js:91:15)
    at createHash (file:///E:/backend%20web/Api-Ecommerce-WEB/src/controllers/session/session-controller.js:10:12)
    at registerUser (file:///E:/backend%20web/Api-Ecommerce-WEB/src/controllers/session/session-controller.js:32:23)
    at process.processTicksAndRejections (node:internal/process/task_queues:95:5)
[2024-06-23T22:26:00.953] [ERROR] custom - ReferenceError: info is not defined
    at registerUser (file:///E:/backend%20web/Api-Ecommerce-WEB/src/controllers/session/session-controller.js:23:13)
    at process.processTicksAndRejections (node:internal/process/task_queues:95:5)
[2024-06-23T22:28:33.155] [ERROR] custom - Error: users validation failed: adress: El adress es obligatorio, name: El name es obligatorio, age: El age es obligatorio, phone: El phone es obligatorio
    at ValidationError.inspect (E:\backend web\Api-Ecommerce-WEB\node_modules\.pnpm\mongoose@8.4.3\node_modules\mongoose\lib\error\validation.js:50:26)
    at formatValue (node:internal/util/inspect:805:19)
    at inspect (node:internal/util/inspect:364:10)
    at formatWithOptionsInternal (node:internal/util/inspect:2298:40)
    at Object.format (node:internal/util/inspect:2155:10)
    at basicLayout (E:\backend web\Api-Ecommerce-WEB\node_modules\.pnpm\log4js@6.9.1\node_modules\log4js\lib\layouts.js:65:52)
    at app (E:\backend web\Api-Ecommerce-WEB\node_modules\.pnpm\log4js@6.9.1\node_modules\log4js\lib\appenders\file.js:98:23)
    at E:\backend web\Api-Ecommerce-WEB\node_modules\.pnpm\log4js@6.9.1\node_modules\log4js\lib\appenders\logLevelFilter.js:10:7
    at E:\backend web\Api-Ecommerce-WEB\node_modules\.pnpm\log4js@6.9.1\node_modules\log4js\lib\log4js.js:43:5
    at Array.forEach (<anonymous>) {
  errors: {
    adress: ValidatorError: El adress es obligatorio
        at validate (E:\backend web\Api-Ecommerce-WEB\node_modules\.pnpm\mongoose@8.4.3\node_modules\mongoose\lib\schemaType.js:1385:13)
        at SchemaType.doValidate (E:\backend web\Api-Ecommerce-WEB\node_modules\.pnpm\mongoose@8.4.3\node_modules\mongoose\lib\schemaType.js:1369:7)
        at E:\backend web\Api-Ecommerce-WEB\node_modules\.pnpm\mongoose@8.4.3\node_modules\mongoose\lib\document.js:3060:18
        at process.processTicksAndRejections (node:internal/process/task_queues:77:11) {
      properties: [Object],
      kind: 'required',
      path: 'adress',
      value: undefined,
      reason: undefined,
      [Symbol(mongoose#validatorError)]: true
    },
    name: ValidatorError: El name es obligatorio
        at validate (E:\backend web\Api-Ecommerce-WEB\node_modules\.pnpm\mongoose@8.4.3\node_modules\mongoose\lib\schemaType.js:1385:13)
        at SchemaType.doValidate (E:\backend web\Api-Ecommerce-WEB\node_modules\.pnpm\mongoose@8.4.3\node_modules\mongoose\lib\schemaType.js:1369:7)
        at E:\backend web\Api-Ecommerce-WEB\node_modules\.pnpm\mongoose@8.4.3\node_modules\mongoose\lib\document.js:3060:18
        at process.processTicksAndRejections (node:internal/process/task_queues:77:11) {
      properties: [Object],
      kind: 'required',
      path: 'name',
      value: undefined,
      reason: undefined,
      [Symbol(mongoose#validatorError)]: true
    },
    age: ValidatorError: El age es obligatorio
        at validate (E:\backend web\Api-Ecommerce-WEB\node_modules\.pnpm\mongoose@8.4.3\node_modules\mongoose\lib\schemaType.js:1385:13)
        at SchemaType.doValidate (E:\backend web\Api-Ecommerce-WEB\node_modules\.pnpm\mongoose@8.4.3\node_modules\mongoose\lib\schemaType.js:1369:7)
        at E:\backend web\Api-Ecommerce-WEB\node_modules\.pnpm\mongoose@8.4.3\node_modules\mongoose\lib\document.js:3060:18
        at process.processTicksAndRejections (node:internal/process/task_queues:77:11) {
      properties: [Object],
      kind: 'required',
      path: 'age',
      value: undefined,
      reason: undefined,
      [Symbol(mongoose#validatorError)]: true
    },
    phone: ValidatorError: El phone es obligatorio
        at validate (E:\backend web\Api-Ecommerce-WEB\node_modules\.pnpm\mongoose@8.4.3\node_modules\mongoose\lib\schemaType.js:1385:13)
        at SchemaType.doValidate (E:\backend web\Api-Ecommerce-WEB\node_modules\.pnpm\mongoose@8.4.3\node_modules\mongoose\lib\schemaType.js:1369:7)
        at E:\backend web\Api-Ecommerce-WEB\node_modules\.pnpm\mongoose@8.4.3\node_modules\mongoose\lib\document.js:3060:18
        at process.processTicksAndRejections (node:internal/process/task_queues:77:11) {
      properties: [Object],
      kind: 'required',
      path: 'phone',
      value: undefined,
      reason: undefined,
      [Symbol(mongoose#validatorError)]: true
    }
  },
  _message: 'users validation failed'
}
[2024-06-23T22:33:43.429] [ERROR] custom - Error: users validation failed: name: El password es obligatorio, email: El email es obligatorio
    at ValidationError.inspect (E:\backend web\Api-Ecommerce-WEB\node_modules\.pnpm\mongoose@8.4.3\node_modules\mongoose\lib\error\validation.js:50:26)
    at formatValue (node:internal/util/inspect:805:19)
    at inspect (node:internal/util/inspect:364:10)
    at formatWithOptionsInternal (node:internal/util/inspect:2298:40)
    at Object.format (node:internal/util/inspect:2155:10)
    at basicLayout (E:\backend web\Api-Ecommerce-WEB\node_modules\.pnpm\log4js@6.9.1\node_modules\log4js\lib\layouts.js:65:52)
    at app (E:\backend web\Api-Ecommerce-WEB\node_modules\.pnpm\log4js@6.9.1\node_modules\log4js\lib\appenders\file.js:98:23)
    at E:\backend web\Api-Ecommerce-WEB\node_modules\.pnpm\log4js@6.9.1\node_modules\log4js\lib\appenders\logLevelFilter.js:10:7
    at E:\backend web\Api-Ecommerce-WEB\node_modules\.pnpm\log4js@6.9.1\node_modules\log4js\lib\log4js.js:43:5
    at Array.forEach (<anonymous>) {
  errors: {
    name: ValidatorError: El password es obligatorio
        at validate (E:\backend web\Api-Ecommerce-WEB\node_modules\.pnpm\mongoose@8.4.3\node_modules\mongoose\lib\schemaType.js:1385:13)
        at SchemaType.doValidate (E:\backend web\Api-Ecommerce-WEB\node_modules\.pnpm\mongoose@8.4.3\node_modules\mongoose\lib\schemaType.js:1369:7)
        at E:\backend web\Api-Ecommerce-WEB\node_modules\.pnpm\mongoose@8.4.3\node_modules\mongoose\lib\document.js:3060:18
        at process.processTicksAndRejections (node:internal/process/task_queues:77:11) {
      properties: [Object],
      kind: 'required',
      path: 'name',
      value: undefined,
      reason: undefined,
      [Symbol(mongoose#validatorError)]: true
    },
    email: ValidatorError: El email es obligatorio
        at validate (E:\backend web\Api-Ecommerce-WEB\node_modules\.pnpm\mongoose@8.4.3\node_modules\mongoose\lib\schemaType.js:1385:13)
        at SchemaType.doValidate (E:\backend web\Api-Ecommerce-WEB\node_modules\.pnpm\mongoose@8.4.3\node_modules\mongoose\lib\schemaType.js:1369:7)
        at E:\backend web\Api-Ecommerce-WEB\node_modules\.pnpm\mongoose@8.4.3\node_modules\mongoose\lib\document.js:3060:18
        at process.processTicksAndRejections (node:internal/process/task_queues:77:11) {
      properties: [Object],
      kind: 'required',
      path: 'email',
      value: undefined,
      reason: undefined,
      [Symbol(mongoose#validatorError)]: true
    }
  },
  _message: 'users validation failed'
}
[2024-06-23T22:34:14.510] [ERROR] custom - ReferenceError: username is not defined
    at registerUser (file:///E:/backend%20web/Api-Ecommerce-WEB/src/controllers/session/session-controller.js:35:26)
    at process.processTicksAndRejections (node:internal/process/task_queues:95:5)
[2024-06-23T22:34:14.514] [ERROR] custom - Error: users validation failed: name: El password es obligatorio, email: El email es obligatorio
    at ValidationError.inspect (E:\backend web\Api-Ecommerce-WEB\node_modules\.pnpm\mongoose@8.4.3\node_modules\mongoose\lib\error\validation.js:50:26)
    at formatValue (node:internal/util/inspect:805:19)
    at inspect (node:internal/util/inspect:364:10)
    at formatWithOptionsInternal (node:internal/util/inspect:2298:40)
    at Object.format (node:internal/util/inspect:2155:10)
    at basicLayout (E:\backend web\Api-Ecommerce-WEB\node_modules\.pnpm\log4js@6.9.1\node_modules\log4js\lib\layouts.js:65:52)
    at app (E:\backend web\Api-Ecommerce-WEB\node_modules\.pnpm\log4js@6.9.1\node_modules\log4js\lib\appenders\file.js:98:23)
    at E:\backend web\Api-Ecommerce-WEB\node_modules\.pnpm\log4js@6.9.1\node_modules\log4js\lib\appenders\logLevelFilter.js:10:7
    at E:\backend web\Api-Ecommerce-WEB\node_modules\.pnpm\log4js@6.9.1\node_modules\log4js\lib\log4js.js:43:5
    at Array.forEach (<anonymous>) {
  errors: {
    name: ValidatorError: El password es obligatorio
        at validate (E:\backend web\Api-Ecommerce-WEB\node_modules\.pnpm\mongoose@8.4.3\node_modules\mongoose\lib\schemaType.js:1385:13)
        at SchemaType.doValidate (E:\backend web\Api-Ecommerce-WEB\node_modules\.pnpm\mongoose@8.4.3\node_modules\mongoose\lib\schemaType.js:1369:7)
        at E:\backend web\Api-Ecommerce-WEB\node_modules\.pnpm\mongoose@8.4.3\node_modules\mongoose\lib\document.js:3060:18
        at process.processTicksAndRejections (node:internal/process/task_queues:77:11) {
      properties: [Object],
      kind: 'required',
      path: 'name',
      value: undefined,
      reason: undefined,
      [Symbol(mongoose#validatorError)]: true
    },
    email: ValidatorError: El email es obligatorio
        at validate (E:\backend web\Api-Ecommerce-WEB\node_modules\.pnpm\mongoose@8.4.3\node_modules\mongoose\lib\schemaType.js:1385:13)
        at SchemaType.doValidate (E:\backend web\Api-Ecommerce-WEB\node_modules\.pnpm\mongoose@8.4.3\node_modules\mongoose\lib\schemaType.js:1369:7)
        at E:\backend web\Api-Ecommerce-WEB\node_modules\.pnpm\mongoose@8.4.3\node_modules\mongoose\lib\document.js:3060:18
        at process.processTicksAndRejections (node:internal/process/task_queues:77:11) {
      properties: [Object],
      kind: 'required',
      path: 'email',
      value: undefined,
      reason: undefined,
      [Symbol(mongoose#validatorError)]: true
    }
  },
  _message: 'users validation failed'
}
[2024-06-23T22:34:47.808] [ERROR] custom - ReferenceError: username is not defined
    at registerUser (file:///E:/backend%20web/Api-Ecommerce-WEB/src/controllers/session/session-controller.js:35:26)
    at process.processTicksAndRejections (node:internal/process/task_queues:95:5)
[2024-06-23T22:34:47.809] [ERROR] custom - Error: users validation failed: email: El email es obligatorio
    at ValidationError.inspect (E:\backend web\Api-Ecommerce-WEB\node_modules\.pnpm\mongoose@8.4.3\node_modules\mongoose\lib\error\validation.js:50:26)
    at formatValue (node:internal/util/inspect:805:19)
    at inspect (node:internal/util/inspect:364:10)
    at formatWithOptionsInternal (node:internal/util/inspect:2298:40)
    at Object.format (node:internal/util/inspect:2155:10)
    at basicLayout (E:\backend web\Api-Ecommerce-WEB\node_modules\.pnpm\log4js@6.9.1\node_modules\log4js\lib\layouts.js:65:52)
    at app (E:\backend web\Api-Ecommerce-WEB\node_modules\.pnpm\log4js@6.9.1\node_modules\log4js\lib\appenders\file.js:98:23)
    at E:\backend web\Api-Ecommerce-WEB\node_modules\.pnpm\log4js@6.9.1\node_modules\log4js\lib\appenders\logLevelFilter.js:10:7
    at E:\backend web\Api-Ecommerce-WEB\node_modules\.pnpm\log4js@6.9.1\node_modules\log4js\lib\log4js.js:43:5
    at Array.forEach (<anonymous>) {
  errors: {
    email: ValidatorError: El email es obligatorio
        at validate (E:\backend web\Api-Ecommerce-WEB\node_modules\.pnpm\mongoose@8.4.3\node_modules\mongoose\lib\schemaType.js:1385:13)
        at SchemaType.doValidate (E:\backend web\Api-Ecommerce-WEB\node_modules\.pnpm\mongoose@8.4.3\node_modules\mongoose\lib\schemaType.js:1369:7)
        at E:\backend web\Api-Ecommerce-WEB\node_modules\.pnpm\mongoose@8.4.3\node_modules\mongoose\lib\document.js:3060:18
        at process.processTicksAndRejections (node:internal/process/task_queues:77:11) {
      properties: [Object],
      kind: 'required',
      path: 'email',
      value: undefined,
      reason: undefined,
      [Symbol(mongoose#validatorError)]: true
    }
  },
  _message: 'users validation failed'
}
[2024-06-23T22:35:21.906] [ERROR] custom - ReferenceError: username is not defined
    at registerUser (file:///E:/backend%20web/Api-Ecommerce-WEB/src/controllers/session/session-controller.js:35:26)
    at process.processTicksAndRejections (node:internal/process/task_queues:95:5)
[2024-06-23T22:35:42.833] [ERROR] custom - ReferenceError: username is not defined
    at registerUser (file:///E:/backend%20web/Api-Ecommerce-WEB/src/controllers/session/session-controller.js:35:26)
    at process.processTicksAndRejections (node:internal/process/task_queues:95:5)
[2024-06-23T22:35:42.834] [ERROR] custom - Error: users validation failed: email: El email es obligatorio
    at ValidationError.inspect (E:\backend web\Api-Ecommerce-WEB\node_modules\.pnpm\mongoose@8.4.3\node_modules\mongoose\lib\error\validation.js:50:26)
    at formatValue (node:internal/util/inspect:805:19)
    at inspect (node:internal/util/inspect:364:10)
    at formatWithOptionsInternal (node:internal/util/inspect:2298:40)
    at Object.format (node:internal/util/inspect:2155:10)
    at basicLayout (E:\backend web\Api-Ecommerce-WEB\node_modules\.pnpm\log4js@6.9.1\node_modules\log4js\lib\layouts.js:65:52)
    at app (E:\backend web\Api-Ecommerce-WEB\node_modules\.pnpm\log4js@6.9.1\node_modules\log4js\lib\appenders\file.js:98:23)
    at E:\backend web\Api-Ecommerce-WEB\node_modules\.pnpm\log4js@6.9.1\node_modules\log4js\lib\appenders\logLevelFilter.js:10:7
    at E:\backend web\Api-Ecommerce-WEB\node_modules\.pnpm\log4js@6.9.1\node_modules\log4js\lib\log4js.js:43:5
    at Array.forEach (<anonymous>) {
  errors: {
    email: ValidatorError: El email es obligatorio
        at validate (E:\backend web\Api-Ecommerce-WEB\node_modules\.pnpm\mongoose@8.4.3\node_modules\mongoose\lib\schemaType.js:1385:13)
        at SchemaType.doValidate (E:\backend web\Api-Ecommerce-WEB\node_modules\.pnpm\mongoose@8.4.3\node_modules\mongoose\lib\schemaType.js:1369:7)
        at E:\backend web\Api-Ecommerce-WEB\node_modules\.pnpm\mongoose@8.4.3\node_modules\mongoose\lib\document.js:3060:18
        at process.processTicksAndRejections (node:internal/process/task_queues:77:11) {
      properties: [Object],
      kind: 'required',
      path: 'email',
      value: null,
      reason: undefined,
      [Symbol(mongoose#validatorError)]: true
    }
  },
  _message: 'users validation failed'
}
[2024-06-23T22:36:18.522] [ERROR] custom - ReferenceError: username is not defined
    at registerUser (file:///E:/backend%20web/Api-Ecommerce-WEB/src/controllers/session/session-controller.js:35:26)
    at process.processTicksAndRejections (node:internal/process/task_queues:95:5)
[2024-06-23T22:43:23.718] [ERROR] custom - ReferenceError: username is not defined
    at registerUser (file:///E:/backend%20web/Api-Ecommerce-WEB/src/controllers/session/session-controller.js:35:26)
    at process.processTicksAndRejections (node:internal/process/task_queues:95:5)
[2024-06-23T22:43:23.719] [ERROR] custom - Error: users validation failed: name: El password es obligatorio, email: El email es obligatorio
    at ValidationError.inspect (E:\backend web\Api-Ecommerce-WEB\node_modules\.pnpm\mongoose@8.4.3\node_modules\mongoose\lib\error\validation.js:50:26)
    at formatValue (node:internal/util/inspect:805:19)
    at inspect (node:internal/util/inspect:364:10)
    at formatWithOptionsInternal (node:internal/util/inspect:2298:40)
    at Object.format (node:internal/util/inspect:2155:10)
    at basicLayout (E:\backend web\Api-Ecommerce-WEB\node_modules\.pnpm\log4js@6.9.1\node_modules\log4js\lib\layouts.js:65:52)
    at app (E:\backend web\Api-Ecommerce-WEB\node_modules\.pnpm\log4js@6.9.1\node_modules\log4js\lib\appenders\file.js:98:23)
    at E:\backend web\Api-Ecommerce-WEB\node_modules\.pnpm\log4js@6.9.1\node_modules\log4js\lib\appenders\logLevelFilter.js:10:7
    at E:\backend web\Api-Ecommerce-WEB\node_modules\.pnpm\log4js@6.9.1\node_modules\log4js\lib\log4js.js:43:5
    at Array.forEach (<anonymous>) {
  errors: {
    name: ValidatorError: El password es obligatorio
        at validate (E:\backend web\Api-Ecommerce-WEB\node_modules\.pnpm\mongoose@8.4.3\node_modules\mongoose\lib\schemaType.js:1385:13)
        at SchemaType.doValidate (E:\backend web\Api-Ecommerce-WEB\node_modules\.pnpm\mongoose@8.4.3\node_modules\mongoose\lib\schemaType.js:1369:7)
        at E:\backend web\Api-Ecommerce-WEB\node_modules\.pnpm\mongoose@8.4.3\node_modules\mongoose\lib\document.js:3060:18
        at process.processTicksAndRejections (node:internal/process/task_queues:77:11) {
      properties: [Object],
      kind: 'required',
      path: 'name',
      value: '',
      reason: undefined,
      [Symbol(mongoose#validatorError)]: true
    },
    email: ValidatorError: El email es obligatorio
        at validate (E:\backend web\Api-Ecommerce-WEB\node_modules\.pnpm\mongoose@8.4.3\node_modules\mongoose\lib\schemaType.js:1385:13)
        at SchemaType.doValidate (E:\backend web\Api-Ecommerce-WEB\node_modules\.pnpm\mongoose@8.4.3\node_modules\mongoose\lib\schemaType.js:1369:7)
        at E:\backend web\Api-Ecommerce-WEB\node_modules\.pnpm\mongoose@8.4.3\node_modules\mongoose\lib\document.js:3060:18
        at process.processTicksAndRejections (node:internal/process/task_queues:77:11) {
      properties: [Object],
      kind: 'required',
      path: 'email',
      value: '',
      reason: undefined,
      [Symbol(mongoose#validatorError)]: true
    }
  },
  _message: 'users validation failed'
}
[2024-06-23T22:43:56.711] [ERROR] custom - ReferenceError: username is not defined
    at registerUser (file:///E:/backend%20web/Api-Ecommerce-WEB/src/controllers/session/session-controller.js:35:26)
    at process.processTicksAndRejections (node:internal/process/task_queues:95:5)
[2024-06-23T22:43:56.711] [ERROR] custom - Error: users validation failed: name: El password es obligatorio, email: El email es obligatorio
    at ValidationError.inspect (E:\backend web\Api-Ecommerce-WEB\node_modules\.pnpm\mongoose@8.4.3\node_modules\mongoose\lib\error\validation.js:50:26)
    at formatValue (node:internal/util/inspect:805:19)
    at inspect (node:internal/util/inspect:364:10)
    at formatWithOptionsInternal (node:internal/util/inspect:2298:40)
    at Object.format (node:internal/util/inspect:2155:10)
    at basicLayout (E:\backend web\Api-Ecommerce-WEB\node_modules\.pnpm\log4js@6.9.1\node_modules\log4js\lib\layouts.js:65:52)
    at app (E:\backend web\Api-Ecommerce-WEB\node_modules\.pnpm\log4js@6.9.1\node_modules\log4js\lib\appenders\file.js:98:23)
    at E:\backend web\Api-Ecommerce-WEB\node_modules\.pnpm\log4js@6.9.1\node_modules\log4js\lib\appenders\logLevelFilter.js:10:7
    at E:\backend web\Api-Ecommerce-WEB\node_modules\.pnpm\log4js@6.9.1\node_modules\log4js\lib\log4js.js:43:5
    at Array.forEach (<anonymous>) {
  errors: {
    name: ValidatorError: El password es obligatorio
        at validate (E:\backend web\Api-Ecommerce-WEB\node_modules\.pnpm\mongoose@8.4.3\node_modules\mongoose\lib\schemaType.js:1385:13)
        at SchemaType.doValidate (E:\backend web\Api-Ecommerce-WEB\node_modules\.pnpm\mongoose@8.4.3\node_modules\mongoose\lib\schemaType.js:1369:7)
        at E:\backend web\Api-Ecommerce-WEB\node_modules\.pnpm\mongoose@8.4.3\node_modules\mongoose\lib\document.js:3060:18
        at process.processTicksAndRejections (node:internal/process/task_queues:77:11) {
      properties: [Object],
      kind: 'required',
      path: 'name',
      value: '',
      reason: undefined,
      [Symbol(mongoose#validatorError)]: true
    },
    email: ValidatorError: El email es obligatorio
        at validate (E:\backend web\Api-Ecommerce-WEB\node_modules\.pnpm\mongoose@8.4.3\node_modules\mongoose\lib\schemaType.js:1385:13)
        at SchemaType.doValidate (E:\backend web\Api-Ecommerce-WEB\node_modules\.pnpm\mongoose@8.4.3\node_modules\mongoose\lib\schemaType.js:1369:7)
        at E:\backend web\Api-Ecommerce-WEB\node_modules\.pnpm\mongoose@8.4.3\node_modules\mongoose\lib\document.js:3060:18
        at process.processTicksAndRejections (node:internal/process/task_queues:77:11) {
      properties: [Object],
      kind: 'required',
      path: 'email',
      value: '',
      reason: undefined,
      [Symbol(mongoose#validatorError)]: true
    }
  },
  _message: 'users validation failed'
}
[2024-06-23T22:45:57.471] [ERROR] custom - ReferenceError: username is not defined
    at registerUser (file:///E:/backend%20web/Api-Ecommerce-WEB/src/controllers/session/session-controller.js:35:26)
    at process.processTicksAndRejections (node:internal/process/task_queues:95:5)
[2024-06-23T23:40:05.087] [ERROR] custom - ReferenceError: username is not defined
    at loginUser (file:///E:/backend%20web/Api-Ecommerce-WEB/src/controllers/session/session-controller.js:62:26)
    at process.processTicksAndRejections (node:internal/process/task_queues:95:5)
[2024-06-24T00:11:06.577] [ERROR] custom - ReferenceError: token is not defined
    at loginUser (file:///E:/backend%20web/Api-Ecommerce-WEB/src/controllers/session/session-controller.js:73:36)
    at process.processTicksAndRejections (node:internal/process/task_queues:95:5)
[2024-06-25T15:35:14.157] [ERROR] custom - ReferenceError: JWT is not defined
    at loginUser (file:///E:/backend%20web/Api-Ecommerce-WEB/src/controllers/session/session-controller.js:70:19)
    at process.processTicksAndRejections (node:internal/process/task_queues:95:5)
[2024-06-25T15:35:50.559] [ERROR] custom - ReferenceError: JWT is not defined
    at loginUser (file:///E:/backend%20web/Api-Ecommerce-WEB/src/controllers/session/session-controller.js:70:19)
    at process.processTicksAndRejections (node:internal/process/task_queues:95:5)
[2024-06-25T15:41:04.653] [ERROR] custom - TypeError: res.use is not a function
    at loginUser (file:///E:/backend%20web/Api-Ecommerce-WEB/src/controllers/session/session-controller.js:73:13)
    at process.processTicksAndRejections (node:internal/process/task_queues:95:5)
[2024-06-25T15:41:06.329] [ERROR] custom - TypeError: res.use is not a function
    at loginUser (file:///E:/backend%20web/Api-Ecommerce-WEB/src/controllers/session/session-controller.js:73:13)
    at process.processTicksAndRejections (node:internal/process/task_queues:95:5)
[2024-06-25T15:41:07.245] [ERROR] custom - TypeError: res.use is not a function
    at loginUser (file:///E:/backend%20web/Api-Ecommerce-WEB/src/controllers/session/session-controller.js:73:13)
    at process.processTicksAndRejections (node:internal/process/task_queues:95:5)
[2024-06-25T15:41:20.081] [ERROR] custom - TypeError: res.use is not a function
    at loginUser (file:///E:/backend%20web/Api-Ecommerce-WEB/src/controllers/session/session-controller.js:70:9)
    at process.processTicksAndRejections (node:internal/process/task_queues:95:5)
[2024-06-25T15:41:55.869] [ERROR] custom - ReferenceError: app is not defined
    at loginUser (file:///E:/backend%20web/Api-Ecommerce-WEB/src/controllers/session/session-controller.js:70:5)
    at process.processTicksAndRejections (node:internal/process/task_queues:95:5)
[2024-06-25T15:45:16.582] [ERROR] custom - TypeError: option expires is invalid
    at Object.serialize (E:\backend web\Api-Ecommerce-WEB\node_modules\.pnpm\cookie@0.6.0\node_modules\cookie\index.js:161:13)
    at res.cookie (E:\backend web\Api-Ecommerce-WEB\node_modules\.pnpm\express@4.19.2\node_modules\express\lib\response.js:885:36)
    at loginUser (file:///E:/backend%20web/Api-Ecommerce-WEB/src/controllers/session/session-controller.js:75:9)
    at process.processTicksAndRejections (node:internal/process/task_queues:95:5)
[2024-06-25T15:45:17.411] [ERROR] custom - TypeError: option expires is invalid
    at Object.serialize (E:\backend web\Api-Ecommerce-WEB\node_modules\.pnpm\cookie@0.6.0\node_modules\cookie\index.js:161:13)
    at res.cookie (E:\backend web\Api-Ecommerce-WEB\node_modules\.pnpm\express@4.19.2\node_modules\express\lib\response.js:885:36)
    at loginUser (file:///E:/backend%20web/Api-Ecommerce-WEB/src/controllers/session/session-controller.js:75:9)
    at process.processTicksAndRejections (node:internal/process/task_queues:95:5)
[2024-06-25T15:45:25.421] [ERROR] custom - TypeError: option expires is invalid
    at Object.serialize (E:\backend web\Api-Ecommerce-WEB\node_modules\.pnpm\cookie@0.6.0\node_modules\cookie\index.js:161:13)
    at res.cookie (E:\backend web\Api-Ecommerce-WEB\node_modules\.pnpm\express@4.19.2\node_modules\express\lib\response.js:885:36)
    at loginUser (file:///E:/backend%20web/Api-Ecommerce-WEB/src/controllers/session/session-controller.js:75:9)
    at process.processTicksAndRejections (node:internal/process/task_queues:95:5)
[2024-06-25T17:19:20.800] [ERROR] custom - Error a la hora de iniciar la base de datos
[2024-06-25T19:06:33.786] [ERROR] custom - There are no products
[2024-06-25T19:06:49.603] [ERROR] custom - There are no products
[2024-06-25T19:06:53.592] [ERROR] custom - There are no products
[2024-06-25T19:07:22.650] [ERROR] custom - There are no products
[2024-06-25T19:08:33.675] [ERROR] custom - There are no products
[2024-06-25T19:08:38.710] [ERROR] custom - There are no products
[2024-06-25T19:08:41.525] [ERROR] custom - There are no products
[2024-06-25T19:08:42.980] [ERROR] custom - There are no products
[2024-06-25T19:08:53.549] [ERROR] custom - There are no products
[2024-06-25T19:09:02.100] [ERROR] custom - There are no products
[2024-06-25T19:09:05.529] [ERROR] custom - There are no products
[2024-06-25T19:09:10.920] [ERROR] custom - There are no products
[2024-06-25T19:09:31.569] [ERROR] custom - There are no products
[2024-06-25T19:09:32.974] [ERROR] custom - There are no products
[2024-06-25T19:10:00.530] [ERROR] custom - There are no products
[2024-06-25T19:10:12.589] [ERROR] custom - There are no products
[2024-06-25T19:10:19.769] [ERROR] custom - There are no products
[2024-06-25T19:10:40.604] [ERROR] custom - There are no products
[2024-06-25T19:10:51.559] [ERROR] custom - There are no products
[2024-06-25T19:11:47.532] [ERROR] custom - There are no products
[2024-06-25T20:23:02.947] [ERROR] custom - There are no products
[2024-06-25T20:27:52.014] [ERROR] custom - There are no products
[2024-06-25T20:28:09.710] [ERROR] custom - There are no products
[2024-06-25T20:30:31.354] [ERROR] custom - There are no products
[2024-06-25T20:33:06.738] [ERROR] custom - There are no products
[2024-06-25T20:33:09.732] [ERROR] custom - There are no products
[2024-06-25T20:33:12.480] [ERROR] custom - There are no products
[2024-06-25T20:41:40.169] [ERROR] custom - There are no products
[2024-06-25T20:42:22.810] [ERROR] custom - There are no products
[2024-06-25T20:42:28.742] [ERROR] custom - There are no products
[2024-06-25T20:42:30.701] [ERROR] custom - There are no products
[2024-06-25T20:42:32.694] [ERROR] custom - There are no products
[2024-06-25T20:42:45.673] [ERROR] custom - There are no products
[2024-06-25T20:42:48.712] [ERROR] custom - There are no products
[2024-06-25T20:42:50.667] [ERROR] custom - There are no products
[2024-06-25T20:42:51.714] [ERROR] custom - There are no products
[2024-06-25T20:42:55.700] [ERROR] custom - There are no products
[2024-06-25T20:43:19.719] [ERROR] custom - There are no products
[2024-06-25T20:43:25.704] [ERROR] custom - There are no products
[2024-06-25T20:46:18.720] [ERROR] custom - There are no products
[2024-06-25T20:46:29.655] [ERROR] custom - There are no products
[2024-06-25T20:46:41.663] [ERROR] custom - There are no products
[2024-06-25T20:46:48.695] [ERROR] custom - There are no products
[2024-06-25T20:46:53.936] [ERROR] custom - There are no products
[2024-06-25T20:46:59.648] [ERROR] custom - There are no products
[2024-06-25T20:47:18.681] [ERROR] custom - There are no products
[2024-06-25T20:47:55.402] [ERROR] custom - There are no products
[2024-06-25T20:47:57.043] [ERROR] custom - There are no products
[2024-06-25T20:48:13.142] [ERROR] custom - There are no products
[2024-06-25T20:48:14.236] [ERROR] custom - There are no products
[2024-06-25T20:48:39.706] [ERROR] custom - There are no products
[2024-06-25T20:48:48.703] [ERROR] custom - There are no products
[2024-06-25T20:48:52.696] [ERROR] custom - There are no products
[2024-06-25T20:52:08.716] [ERROR] custom - There are no products
[2024-06-25T20:52:21.706] [ERROR] custom - There are no products
[2024-06-25T20:52:32.042] [ERROR] custom - There are no products
[2024-06-25T20:52:38.769] [ERROR] custom - There are no products
[2024-06-25T20:53:05.722] [ERROR] custom - There are no products
[2024-06-26T23:09:18.877] [ERROR] custom - ReferenceError: user is not defined
[2024-06-26T23:09:22.420] [ERROR] custom - ReferenceError: user is not defined
[2024-06-26T23:09:23.026] [ERROR] custom - ReferenceError: user is not defined
[2024-06-26T23:09:23.579] [ERROR] custom - ReferenceError: user is not defined
[2024-06-26T23:09:39.618] [ERROR] custom - ReferenceError: user is not defined
[2024-06-26T23:09:48.478] [ERROR] custom - ReferenceError: user is not defined
[2024-06-26T23:09:52.450] [ERROR] custom - ReferenceError: user is not defined
[2024-06-26T23:15:05.664] [ERROR] custom - CastError: Cast to ObjectId failed for value "667ccb13a069b2d47d674182d" (type string) at path "_id" for model "carts"
    at SchemaObjectId.cast (E:\backend web\Api-Ecommerce-WEB\node_modules\.pnpm\mongoose@8.4.3\node_modules\mongoose\lib\schema\objectId.js:250:11)
    at SchemaType.applySetters (E:\backend web\Api-Ecommerce-WEB\node_modules\.pnpm\mongoose@8.4.3\node_modules\mongoose\lib\schemaType.js:1236:12)
    at SchemaType.castForQuery (E:\backend web\Api-Ecommerce-WEB\node_modules\.pnpm\mongoose@8.4.3\node_modules\mongoose\lib\schemaType.js:1653:17)
    at cast (E:\backend web\Api-Ecommerce-WEB\node_modules\.pnpm\mongoose@8.4.3\node_modules\mongoose\lib\cast.js:375:32)
    at Query.cast (E:\backend web\Api-Ecommerce-WEB\node_modules\.pnpm\mongoose@8.4.3\node_modules\mongoose\lib\query.js:4798:12)
    at Query._castConditions (E:\backend web\Api-Ecommerce-WEB\node_modules\.pnpm\mongoose@8.4.3\node_modules\mongoose\lib\query.js:2206:10)
    at model.Query._findOne (E:\backend web\Api-Ecommerce-WEB\node_modules\.pnpm\mongoose@8.4.3\node_modules\mongoose\lib\query.js:2526:8)
    at model.Query.exec (E:\backend web\Api-Ecommerce-WEB\node_modules\.pnpm\mongoose@8.4.3\node_modules\mongoose\lib\query.js:4342:80)
    at process.processTicksAndRejections (node:internal/process/task_queues:95:5)
    at async CartDaoMongoDb.getById (file:///E:/backend%20web/Api-Ecommerce-WEB/src/data_Persistence/container/mongoDbContainer.js:59:29) {
  stringValue: '"667ccb13a069b2d47d674182d"',
  messageFormat: undefined,
  kind: 'ObjectId',
  value: '667ccb13a069b2d47d674182d',
  path: '_id',
  reason: BSONError: input must be a 24 character hex string, 12 byte Uint8Array, or an integer
      at new ObjectId (E:\backend web\Api-Ecommerce-WEB\node_modules\.pnpm\bson@6.7.0\node_modules\bson\lib\bson.cjs:2361:23)
      at castObjectId (E:\backend web\Api-Ecommerce-WEB\node_modules\.pnpm\mongoose@8.4.3\node_modules\mongoose\lib\cast\objectid.js:25:12)
      at SchemaObjectId.cast (E:\backend web\Api-Ecommerce-WEB\node_modules\.pnpm\mongoose@8.4.3\node_modules\mongoose\lib\schema\objectId.js:248:12)
      at SchemaType.applySetters (E:\backend web\Api-Ecommerce-WEB\node_modules\.pnpm\mongoose@8.4.3\node_modules\mongoose\lib\schemaType.js:1236:12)
      at SchemaType.castForQuery (E:\backend web\Api-Ecommerce-WEB\node_modules\.pnpm\mongoose@8.4.3\node_modules\mongoose\lib\schemaType.js:1653:17)
      at cast (E:\backend web\Api-Ecommerce-WEB\node_modules\.pnpm\mongoose@8.4.3\node_modules\mongoose\lib\cast.js:375:32)
      at Query.cast (E:\backend web\Api-Ecommerce-WEB\node_modules\.pnpm\mongoose@8.4.3\node_modules\mongoose\lib\query.js:4798:12)
      at Query._castConditions (E:\backend web\Api-Ecommerce-WEB\node_modules\.pnpm\mongoose@8.4.3\node_modules\mongoose\lib\query.js:2206:10)
      at model.Query._findOne (E:\backend web\Api-Ecommerce-WEB\node_modules\.pnpm\mongoose@8.4.3\node_modules\mongoose\lib\query.js:2526:8)
      at model.Query.exec (E:\backend web\Api-Ecommerce-WEB\node_modules\.pnpm\mongoose@8.4.3\node_modules\mongoose\lib\query.js:4342:80),
  valueType: 'string'
}
[2024-06-26T23:15:05.666] [ERROR] custom - ReferenceError: message is not defined
[2024-06-26T23:22:34.147] [ERROR] custom - ReferenceError: user is not defined
